# JRE version: OpenJDK Runtime Environment (11.0.11+9) (build 11.0.11+9-b60-7590822)
# Java VM: OpenJDK 64-Bit Server VM (11.0.11+9-b60-7590822, mixed mode, tiered, compressed oops, g1 gc, windows-amd64)
Heap:
 garbage-first heap   total 210944K, used 172446K [0x0000000080000000, 0x0000000100000000)
  region size 1024K, 84 young (86016K), 8 survivors (8192K)
 Metaspace       used 98348K, capacity 100993K, committed 101244K, reserved 1136640K
  class space    used 12553K, capacity 13535K, committed 13568K, reserved 1048576K
GC Heap History (20 events):
Event: 11.118 GC heap before
{Heap before GC invocations=21 (full 0):
 garbage-first heap   total 145408K, used 113026K [0x0000000080000000, 0x0000000100000000)
  region size 1024K, 50 young (51200K), 6 survivors (6144K)
 Metaspace       used 80847K, capacity 82565K, committed 82812K, reserved 1120256K
  class space    used 10506K, capacity 11176K, committed 11264K, reserved 1048576K
}
Event: 11.126 GC heap after
{Heap after GC invocations=22 (full 0):
 garbage-first heap   total 175104K, used 70595K [0x0000000080000000, 0x0000000100000000)
  region size 1024K, 6 young (6144K), 6 survivors (6144K)
 Metaspace       used 80847K, capacity 82565K, committed 82812K, reserved 1120256K
  class space    used 10506K, capacity 11176K, committed 11264K, reserved 1048576K
}
Event: 12.019 GC heap before
{Heap before GC invocations=22 (full 0):
 garbage-first heap   total 175104K, used 126915K [0x0000000080000000, 0x0000000100000000)
  region size 1024K, 62 young (63488K), 6 survivors (6144K)
 Metaspace       used 84048K, capacity 86073K, committed 86140K, reserved 1124352K
  class space    used 10973K, capacity 11740K, committed 11776K, reserved 1048576K
}
Event: 12.029 GC heap after
{Heap after GC invocations=23 (full 0):
 garbage-first heap   total 175104K, used 74940K [0x0000000080000000, 0x0000000100000000)
  region size 1024K, 7 young (7168K), 7 survivors (7168K)
 Metaspace       used 84048K, capacity 86073K, committed 86140K, reserved 1124352K
  class space    used 10973K, capacity 11740K, committed 11776K, reserved 1048576K
}
Event: 12.708 GC heap before
{Heap before GC invocations=23 (full 0):
 garbage-first heap   total 175104K, used 131260K [0x0000000080000000, 0x0000000100000000)
  region size 1024K, 63 young (64512K), 7 survivors (7168K)
 Metaspace       used 84729K, capacity 86783K, committed 87036K, reserved 1124352K
  class space    used 11019K, capacity 11800K, committed 11904K, reserved 1048576K
}
Event: 12.716 GC heap after
{Heap after GC invocations=24 (full 0):
 garbage-first heap   total 175104K, used 78848K [0x0000000080000000, 0x0000000100000000)
  region size 1024K, 8 young (8192K), 8 survivors (8192K)
 Metaspace       used 84729K, capacity 86783K, committed 87036K, reserved 1124352K
  class space    used 11019K, capacity 11800K, committed 11904K, reserved 1048576K
}
Event: 13.234 GC heap before
{Heap before GC invocations=24 (full 0):
 garbage-first heap   total 175104K, used 134144K [0x0000000080000000, 0x0000000100000000)
  region size 1024K, 63 young (64512K), 8 survivors (8192K)
 Metaspace       used 86281K, capacity 88389K, committed 88444K, reserved 1126400K
  class space    used 11209K, capacity 11998K, committed 12032K, reserved 1048576K
}
Event: 13.242 GC heap after
{Heap after GC invocations=25 (full 0):
 garbage-first heap   total 175104K, used 82592K [0x0000000080000000, 0x0000000100000000)
  region size 1024K, 4 young (4096K), 4 survivors (4096K)
 Metaspace       used 86281K, capacity 88389K, committed 88444K, reserved 1126400K
  class space    used 11209K, capacity 11998K, committed 12032K, reserved 1048576K
}
Event: 13.703 GC heap before
{Heap before GC invocations=25 (full 0):
 garbage-first heap   total 175104K, used 138912K [0x0000000080000000, 0x0000000100000000)
  region size 1024K, 59 young (60416K), 4 survivors (4096K)
 Metaspace       used 90117K, capacity 92165K, committed 92284K, reserved 1128448K
  class space    used 11672K, capacity 12446K, committed 12544K, reserved 1048576K
}
Event: 13.711 GC heap after
{Heap after GC invocations=26 (full 0):
 garbage-first heap   total 175104K, used 84420K [0x0000000080000000, 0x0000000100000000)
  region size 1024K, 6 young (6144K), 6 survivors (6144K)
 Metaspace       used 90117K, capacity 92165K, committed 92284K, reserved 1128448K
  class space    used 11672K, capacity 12446K, committed 12544K, reserved 1048576K
}
Event: 14.215 GC heap before
{Heap before GC invocations=27 (full 0):
 garbage-first heap   total 175104K, used 139716K [0x0000000080000000, 0x0000000100000000)
  region size 1024K, 61 young (62464K), 6 survivors (6144K)
 Metaspace       used 91032K, capacity 93050K, committed 93308K, reserved 1130496K
  class space    used 11769K, capacity 12539K, committed 12544K, reserved 1048576K
}
Event: 14.223 GC heap after
{Heap after GC invocations=28 (full 0):
 garbage-first heap   total 210944K, used 88415K [0x0000000080000000, 0x0000000100000000)
  region size 1024K, 7 young (7168K), 7 survivors (7168K)
 Metaspace       used 91032K, capacity 93050K, committed 93308K, reserved 1130496K
  class space    used 11769K, capacity 12539K, committed 12544K, reserved 1048576K
}
Event: 30.989 GC heap before
{Heap before GC invocations=28 (full 0):
 garbage-first heap   total 210944K, used 163167K [0x0000000080000000, 0x0000000100000000)
  region size 1024K, 81 young (82944K), 7 survivors (7168K)
 Metaspace       used 92474K, capacity 94549K, committed 94716K, reserved 1132544K
  class space    used 11912K, capacity 12672K, committed 12672K, reserved 1048576K
}
Event: 31.009 GC heap after
{Heap after GC invocations=29 (full 0):
 garbage-first heap   total 210944K, used 95244K [0x0000000080000000, 0x0000000100000000)
  region size 1024K, 11 young (11264K), 11 survivors (11264K)
 Metaspace       used 92474K, capacity 94549K, committed 94716K, reserved 1132544K
  class space    used 11912K, capacity 12672K, committed 12672K, reserved 1048576K
}
Event: 170.056 GC heap before
{Heap before GC invocations=29 (full 0):
 garbage-first heap   total 210944K, used 167948K [0x0000000080000000, 0x0000000100000000)
  region size 1024K, 82 young (83968K), 11 survivors (11264K)
 Metaspace       used 93140K, capacity 95262K, committed 95356K, reserved 1132544K
  class space    used 11936K, capacity 12711K, committed 12800K, reserved 1048576K
}
Event: 170.071 GC heap after
{Heap after GC invocations=30 (full 0):
 garbage-first heap   total 210944K, used 95768K [0x0000000080000000, 0x0000000100000000)
  region size 1024K, 5 young (5120K), 5 survivors (5120K)
 Metaspace       used 93140K, capacity 95262K, committed 95356K, reserved 1132544K
  class space    used 11936K, capacity 12711K, committed 12800K, reserved 1048576K
}
Event: 277.909 GC heap before
{Heap before GC invocations=30 (full 0):
 garbage-first heap   total 210944K, used 169496K [0x0000000080000000, 0x0000000100000000)
  region size 1024K, 78 young (79872K), 5 survivors (5120K)
 Metaspace       used 93732K, capacity 95882K, committed 96124K, reserved 1132544K
  class space    used 11959K, capacity 12751K, committed 12800K, reserved 1048576K
}
Event: 277.918 GC heap after
{Heap after GC invocations=31 (full 0):
 garbage-first heap   total 210944K, used 95644K [0x0000000080000000, 0x0000000100000000)
  region size 1024K, 5 young (5120K), 5 survivors (5120K)
 Metaspace       used 93732K, capacity 95882K, committed 96124K, reserved 1132544K
  class space    used 11959K, capacity 12751K, committed 12800K, reserved 1048576K
}
Event: 523.962 GC heap before
{Heap before GC invocations=31 (full 0):
 garbage-first heap   total 210944K, used 170396K [0x0000000080000000, 0x0000000100000000)
  region size 1024K, 79 young (80896K), 5 survivors (5120K)
 Metaspace       used 94151K, capacity 96390K, committed 96508K, reserved 1132544K
  class space    used 11982K, capacity 12823K, committed 12928K, reserved 1048576K
}
Event: 524.020 GC heap after
{Heap after GC invocations=32 (full 0):
 garbage-first heap   total 210944K, used 94622K [0x0000000080000000, 0x0000000100000000)
  region size 1024K, 4 young (4096K), 4 survivors (4096K)
 Metaspace       used 94151K, capacity 96390K, committed 96508K, reserved 1132544K
  class space    used 11982K, capacity 12823K, committed 12928K, reserved 1048576K
}

