# JRE version: OpenJDK Runtime Environment (11.0.11+9) (build 11.0.11+9-b60-7590822)
# Java VM: OpenJDK 64-Bit Server VM (11.0.11+9-b60-7590822, mixed mode, tiered, compressed oops, g1 gc, windows-amd64)
Heap:
 garbage-first heap   total 210944K, used 83030K [0x0000000080000000, 0x0000000100000000)
  region size 1024K, 7 young (7168K), 7 survivors (7168K)
 Metaspace       used 89247K, capacity 91424K, committed 91772K, reserved 1128448K
  class space    used 11630K, capacity 12442K, committed 12544K, reserved 1048576K
GC Heap History (20 events):
Event: 5.197 GC heap after
{Heap after GC invocations=11 (full 0):
 garbage-first heap   total 145408K, used 29542K [0x0000000080000000, 0x0000000100000000)
  region size 1024K, 7 young (7168K), 7 survivors (7168K)
 Metaspace       used 45693K, capacity 46803K, committed 46972K, reserved 1089536K
  class space    used 5868K, capacity 6280K, committed 6400K, reserved 1048576K
}
Event: 6.276 GC heap before
{Heap before GC invocations=11 (full 0):
 garbage-first heap   total 145408K, used 116582K [0x0000000080000000, 0x0000000100000000)
  region size 1024K, 84 young (86016K), 7 survivors (7168K)
 Metaspace       used 48921K, capacity 50136K, committed 50428K, reserved 1093632K
  class space    used 6243K, capacity 6712K, committed 6784K, reserved 1048576K
}
Event: 6.286 GC heap after
{Heap after GC invocations=12 (full 0):
 garbage-first heap   total 145408K, used 49335K [0x0000000080000000, 0x0000000100000000)
  region size 1024K, 11 young (11264K), 11 survivors (11264K)
 Metaspace       used 48921K, capacity 50136K, committed 50428K, reserved 1093632K
  class space    used 6243K, capacity 6712K, committed 6784K, reserved 1048576K
}
Event: 7.021 GC heap before
{Heap before GC invocations=12 (full 0):
 garbage-first heap   total 145408K, used 107703K [0x0000000080000000, 0x0000000100000000)
  region size 1024K, 68 young (69632K), 11 survivors (11264K)
 Metaspace       used 56947K, capacity 58284K, committed 58364K, reserved 1099776K
  class space    used 7220K, capacity 7737K, committed 7808K, reserved 1048576K
}
Event: 7.029 GC heap after
{Heap after GC invocations=13 (full 0):
 garbage-first heap   total 175104K, used 52034K [0x0000000080000000, 0x0000000100000000)
  region size 1024K, 3 young (3072K), 3 survivors (3072K)
 Metaspace       used 56947K, capacity 58284K, committed 58364K, reserved 1099776K
  class space    used 7220K, capacity 7737K, committed 7808K, reserved 1048576K
}
Event: 7.152 GC heap before
{Heap before GC invocations=13 (full 0):
 garbage-first heap   total 175104K, used 59202K [0x0000000080000000, 0x0000000100000000)
  region size 1024K, 11 young (11264K), 3 survivors (3072K)
 Metaspace       used 58320K, capacity 59722K, committed 59900K, reserved 1101824K
  class space    used 7409K, capacity 7941K, committed 8064K, reserved 1048576K
}
Event: 7.156 GC heap after
{Heap after GC invocations=14 (full 0):
 garbage-first heap   total 175104K, used 52072K [0x0000000080000000, 0x0000000100000000)
  region size 1024K, 3 young (3072K), 3 survivors (3072K)
 Metaspace       used 58320K, capacity 59722K, committed 59900K, reserved 1101824K
  class space    used 7409K, capacity 7941K, committed 8064K, reserved 1048576K
}
Event: 7.896 GC heap before
{Heap before GC invocations=15 (full 0):
 garbage-first heap   total 175104K, used 125800K [0x0000000080000000, 0x0000000100000000)
  region size 1024K, 75 young (76800K), 3 survivors (3072K)
 Metaspace       used 65218K, capacity 66707K, committed 66812K, reserved 1107968K
  class space    used 8273K, capacity 8830K, committed 8832K, reserved 1048576K
}
Event: 7.903 GC heap after
{Heap after GC invocations=16 (full 0):
 garbage-first heap   total 175104K, used 56998K [0x0000000080000000, 0x0000000100000000)
  region size 1024K, 8 young (8192K), 8 survivors (8192K)
 Metaspace       used 65218K, capacity 66707K, committed 66812K, reserved 1107968K
  class space    used 8273K, capacity 8830K, committed 8832K, reserved 1048576K
}
Event: 8.471 GC heap before
{Heap before GC invocations=16 (full 0):
 garbage-first heap   total 175104K, used 129702K [0x0000000080000000, 0x0000000100000000)
  region size 1024K, 79 young (80896K), 8 survivors (8192K)
 Metaspace       used 68265K, capacity 69845K, committed 70140K, reserved 1110016K
  class space    used 8642K, capacity 9230K, committed 9344K, reserved 1048576K
}
Event: 8.479 GC heap after
{Heap after GC invocations=17 (full 0):
 garbage-first heap   total 175104K, used 61981K [0x0000000080000000, 0x0000000100000000)
  region size 1024K, 10 young (10240K), 10 survivors (10240K)
 Metaspace       used 68265K, capacity 69845K, committed 70140K, reserved 1110016K
  class space    used 8642K, capacity 9230K, committed 9344K, reserved 1048576K
}
Event: 9.292 GC heap before
{Heap before GC invocations=17 (full 0):
 garbage-first heap   total 175104K, used 133661K [0x0000000080000000, 0x0000000100000000)
  region size 1024K, 80 young (81920K), 10 survivors (10240K)
 Metaspace       used 75433K, capacity 77034K, committed 77180K, reserved 1116160K
  class space    used 9783K, capacity 10419K, committed 10496K, reserved 1048576K
}
Event: 9.299 GC heap after
{Heap after GC invocations=18 (full 0):
 garbage-first heap   total 175104K, used 66697K [0x0000000080000000, 0x0000000100000000)
  region size 1024K, 10 young (10240K), 10 survivors (10240K)
 Metaspace       used 75433K, capacity 77034K, committed 77180K, reserved 1116160K
  class space    used 9783K, capacity 10419K, committed 10496K, reserved 1048576K
}
Event: 9.989 GC heap before
{Heap before GC invocations=18 (full 0):
 garbage-first heap   total 175104K, used 136329K [0x0000000080000000, 0x0000000100000000)
  region size 1024K, 78 young (79872K), 10 survivors (10240K)
 Metaspace       used 82242K, capacity 84063K, committed 84348K, reserved 1122304K
  class space    used 10734K, capacity 11473K, committed 11520K, reserved 1048576K
}
Event: 9.998 GC heap after
{Heap after GC invocations=19 (full 0):
 garbage-first heap   total 175104K, used 71949K [0x0000000080000000, 0x0000000100000000)
  region size 1024K, 10 young (10240K), 10 survivors (10240K)
 Metaspace       used 82242K, capacity 84063K, committed 84348K, reserved 1122304K
  class space    used 10734K, capacity 11473K, committed 11520K, reserved 1048576K
}
Event: 10.687 GC heap before
{Heap before GC invocations=19 (full 0):
 garbage-first heap   total 175104K, used 139533K [0x0000000080000000, 0x0000000100000000)
  region size 1024K, 76 young (77824K), 10 survivors (10240K)
 Metaspace       used 84226K, capacity 86280K, committed 86524K, reserved 1124352K
  class space    used 11011K, capacity 11806K, committed 11904K, reserved 1048576K
}
Event: 10.698 GC heap after
{Heap after GC invocations=20 (full 0):
 garbage-first heap   total 175104K, used 77260K [0x0000000080000000, 0x0000000100000000)
  region size 1024K, 10 young (10240K), 10 survivors (10240K)
 Metaspace       used 84226K, capacity 86280K, committed 86524K, reserved 1124352K
  class space    used 11011K, capacity 11806K, committed 11904K, reserved 1048576K
}
Event: 11.277 GC heap before
{Heap before GC invocations=20 (full 0):
 garbage-first heap   total 175104K, used 139724K [0x0000000080000000, 0x0000000100000000)
  region size 1024K, 72 young (73728K), 10 survivors (10240K)
 Metaspace       used 85368K, capacity 87549K, committed 87676K, reserved 1124352K
  class space    used 11118K, capacity 11961K, committed 12032K, reserved 1048576K
}
Event: 11.287 GC heap after
{Heap after GC invocations=21 (full 0):
 garbage-first heap   total 175104K, used 82234K [0x0000000080000000, 0x0000000100000000)
  region size 1024K, 6 young (6144K), 6 survivors (6144K)
 Metaspace       used 85368K, capacity 87549K, committed 87676K, reserved 1124352K
  class space    used 11118K, capacity 11961K, committed 12032K, reserved 1048576K
}
Event: 11.675 GC heap before
{Heap before GC invocations=21 (full 0):
 garbage-first heap   total 175104K, used 141626K [0x0000000080000000, 0x0000000100000000)
  region size 1024K, 65 young (66560K), 6 survivors (6144K)
 Metaspace       used 89247K, capacity 91424K, committed 91772K, reserved 1128448K
  class space    used 11630K, capacity 12442K, committed 12544K, reserved 1048576K
}

